---
driver=<class 'textual._linux_driver.LinuxDriver'>
Mount() >>> CalculatorApp(title='Calculator Test')
Mount() >>> DockView(name='DockView#1')
Mount() >>> Calculator(name='Calculator#1')
Mount() >>> Calculator(name='Calculator#1')
set_focus Button(name='9')
MouseDown(x=13, y=3, delta_x=132, delta_y=23, screen_x=132, screen_y=23, button=1) >>> Button(name='9')
MouseUp(x=13, y=3, screen_x=132, screen_y=23, button=1) >>> Button(name='9')
Click(x=13, y=3, screen_x=132, screen_y=23, button=1) >>> Button(name='9')
Click(x=13, y=3, screen_x=132, screen_y=23, button=1) >>> Button(name='9')
ButtonPressed(Button(name='9')) >>> Calculator(name='Calculator#1')
set_focus Button(name='X')
MouseDown(x=5, y=5, delta_x=24, delta_y=2, screen_x=156, screen_y=25, button=1) >>> Button(name='X')
MouseUp(x=6, y=4, screen_x=157, screen_y=24, button=1) >>> Button(name='X')
Click(x=6, y=4, screen_x=157, screen_y=24, button=1) >>> Button(name='X')
Click(x=6, y=4, screen_x=157, screen_y=24, button=1) >>> Button(name='X')
ButtonPressed(Button(name='X')) >>> Calculator(name='Calculator#1')
0 + 9
= 9
set_focus Button(name='8')
MouseDown(x=18, y=4, delta_x=-52, screen_x=105, screen_y=24, button=1) >>> Button(name='8')
MouseUp(x=18, y=4, screen_x=105, screen_y=24, button=1) >>> Button(name='8')
Click(x=18, y=4, screen_x=105, screen_y=24, button=1) >>> Button(name='8')
Click(x=18, y=4, screen_x=105, screen_y=24, button=1) >>> Button(name='8')
ButtonPressed(Button(name='8')) >>> Calculator(name='Calculator#1')
set_focus Button(name='.')
MouseDown(x=14, y=3, delta_x=28, delta_y=28, screen_x=133, screen_y=52, button=1) >>> Button(name='.')
MouseUp(x=14, y=3, screen_x=133, screen_y=52, button=1) >>> Button(name='.')
Click(x=14, y=3, screen_x=133, screen_y=52, button=1) >>> Button(name='.')
Click(x=14, y=3, screen_x=133, screen_y=52, button=1) >>> Button(name='.')
ButtonPressed(Button(name='.')) >>> Calculator(name='Calculator#1')
set_focus Button(name='3')
MouseDown(x=14, y=4, delta_y=-9, screen_x=133, screen_y=43, button=1) >>> Button(name='3')
MouseUp(x=14, y=3, screen_x=133, screen_y=42, button=1) >>> Button(name='3')
Click(x=14, y=3, screen_x=133, screen_y=42, button=1) >>> Button(name='3')
Click(x=14, y=3, screen_x=133, screen_y=42, button=1) >>> Button(name='3')
ButtonPressed(Button(name='3')) >>> Calculator(name='Calculator#1')
set_focus Button(name='=')
MouseDown(x=13, y=4, delta_x=31, delta_y=11, screen_x=164, screen_y=53, button=1) >>> Button(name='=')
MouseUp(x=13, y=4, screen_x=164, screen_y=53, button=1) >>> Button(name='=')
Click(x=13, y=4, screen_x=164, screen_y=53, button=1) >>> Button(name='=')
Click(x=13, y=4, screen_x=164, screen_y=53, button=1) >>> Button(name='=')
ButtonPressed(Button(name='=')) >>> Calculator(name='Calculator#1')
9 X 8.3
= 74.7
set_focus Button(name='%')
MouseDown(x=16, y=4, delta_x=-29, delta_y=-39, screen_x=135, screen_y=14, button=1) >>> Button(name='%')
MouseUp(x=16, y=4, screen_x=135, screen_y=14, button=1) >>> Button(name='%')
Click(x=16, y=4, screen_x=135, screen_y=14, button=1) >>> Button(name='%')
Click(x=16, y=4, screen_x=135, screen_y=14, button=1) >>> Button(name='%')
ButtonPressed(Button(name='%')) >>> Calculator(name='Calculator#1')
set_focus Button(name='9')
MouseDown(x=15, y=5, delta_x=-1, delta_y=11, screen_x=134, screen_y=25, button=1) >>> Button(name='9')
MouseUp(x=15, y=4, screen_x=134, screen_y=24, button=1) >>> Button(name='9')
Click(x=15, y=4, screen_x=134, screen_y=24, button=1) >>> Button(name='9')
Click(x=15, y=4, screen_x=134, screen_y=24, button=1) >>> Button(name='9')
ButtonPressed(Button(name='9')) >>> Calculator(name='Calculator#1')
set_focus Button(name='=')
MouseDown(x=12, y=5, delta_x=29, delta_y=30, screen_x=163, screen_y=54, button=1) >>> Button(name='=')
MouseUp(x=12, y=5, screen_x=163, screen_y=54, button=1) >>> Button(name='=')
Click(x=12, y=5, screen_x=163, screen_y=54, button=1) >>> Button(name='=')
Click(x=12, y=5, screen_x=163, screen_y=54, button=1) >>> Button(name='=')
ButtonPressed(Button(name='=')) >>> Calculator(name='Calculator#1')
74.7 X 9
= 672.3
set_focus Button(name='C')
MouseDown(x=17, y=0, delta_x=-91, delta_y=-44, screen_x=72, screen_y=10, button=1) >>> Button(name='C')
MouseUp(x=17, y=0, screen_x=72, screen_y=10, button=1) >>> Button(name='C')
Click(x=17, y=0, screen_x=72, screen_y=10, button=1) >>> Button(name='C')
Click(x=17, y=0, screen_x=72, screen_y=10, button=1) >>> Button(name='C')
ButtonPressed(Button(name='C')) >>> Calculator(name='Calculator#1')
ACTION CalculatorApp(title='Calculator Test') quit
CLOSED CalculatorApp(title='Calculator Test')
PROCESS END
